2025-05-30 11:45:09,187 - INFO - BATTLE:battle_20250530_114509_183300 - TICK:0 - T:0.00s - Battle started. Base: Simple TH3 Par Défaut, Troops: 29, Max Duration: 180.0s
2025-05-30 11:45:09,188 - DEBUG - BATTLE:battle_20250530_114509_183300 - TICK:0 - T:0.00s - Initial Troop: Giant(type=giant, level=1, pos=(5.0,20.0), hp=300/300, state=idle)
2025-05-30 11:45:09,188 - DEBUG - BATTLE:battle_20250530_114509_183300 - TICK:0 - T:0.00s - Initial Troop: Giant(type=giant, level=1, pos=(38.0,20.0), hp=300/300, state=idle)
2025-05-30 11:45:09,188 - DEBUG - BATTLE:battle_20250530_114509_183300 - TICK:0 - T:0.00s - Initial Troop: Barbarian(type=barbarian, level=2, pos=(5.0,15.0), hp=54/54, state=idle)
2025-05-30 11:45:09,189 - DEBUG - BATTLE:battle_20250530_114509_183300 - TICK:0 - T:0.00s - Initial Troop: Barbarian(type=barbarian, level=2, pos=(5.0,16.0), hp=54/54, state=idle)
2025-05-30 11:45:09,189 - DEBUG - BATTLE:battle_20250530_114509_183300 - TICK:0 - T:0.00s - Initial Troop: Barbarian(type=barbarian, level=2, pos=(5.0,17.0), hp=54/54, state=idle)
2025-05-30 11:45:09,189 - DEBUG - BATTLE:battle_20250530_114509_183300 - TICK:0 - T:0.00s - Initial Troop: Barbarian(type=barbarian, level=2, pos=(5.0,18.0), hp=54/54, state=idle)
2025-05-30 11:45:09,189 - DEBUG - BATTLE:battle_20250530_114509_183300 - TICK:0 - T:0.00s - Initial Troop: Barbarian(type=barbarian, level=2, pos=(5.0,19.0), hp=54/54, state=idle)
2025-05-30 11:45:09,189 - DEBUG - BATTLE:battle_20250530_114509_183300 - TICK:0 - T:0.00s - Initial Troop: Barbarian(type=barbarian, level=2, pos=(38.0,15.0), hp=54/54, state=idle)
2025-05-30 11:45:09,189 - DEBUG - BATTLE:battle_20250530_114509_183300 - TICK:0 - T:0.00s - Initial Troop: Barbarian(type=barbarian, level=2, pos=(38.0,16.0), hp=54/54, state=idle)
2025-05-30 11:45:09,190 - DEBUG - BATTLE:battle_20250530_114509_183300 - TICK:0 - T:0.00s - Initial Troop: Barbarian(type=barbarian, level=2, pos=(38.0,17.0), hp=54/54, state=idle)
2025-05-30 11:45:09,190 - DEBUG - BATTLE:battle_20250530_114509_183300 - TICK:0 - T:0.00s - Initial Troop: Barbarian(type=barbarian, level=2, pos=(38.0,18.0), hp=54/54, state=idle)
2025-05-30 11:45:09,190 - DEBUG - BATTLE:battle_20250530_114509_183300 - TICK:0 - T:0.00s - Initial Troop: Barbarian(type=barbarian, level=2, pos=(38.0,19.0), hp=54/54, state=idle)
2025-05-30 11:45:09,190 - DEBUG - BATTLE:battle_20250530_114509_183300 - TICK:0 - T:0.00s - Initial Troop: Archer(type=archer, level=2, pos=(10.0,5.0), hp=23/23, state=idle)
2025-05-30 11:45:09,190 - DEBUG - BATTLE:battle_20250530_114509_183300 - TICK:0 - T:0.00s - Initial Troop: Archer(type=archer, level=2, pos=(11.0,5.0), hp=23/23, state=idle)
2025-05-30 11:45:09,190 - DEBUG - BATTLE:battle_20250530_114509_183300 - TICK:0 - T:0.00s - Initial Troop: Archer(type=archer, level=2, pos=(12.0,5.0), hp=23/23, state=idle)
2025-05-30 11:45:09,190 - DEBUG - BATTLE:battle_20250530_114509_183300 - TICK:0 - T:0.00s - Initial Troop: Archer(type=archer, level=2, pos=(13.0,5.0), hp=23/23, state=idle)
2025-05-30 11:45:09,190 - DEBUG - BATTLE:battle_20250530_114509_183300 - TICK:0 - T:0.00s - Initial Troop: Archer(type=archer, level=2, pos=(14.0,5.0), hp=23/23, state=idle)
2025-05-30 11:45:09,191 - DEBUG - BATTLE:battle_20250530_114509_183300 - TICK:0 - T:0.00s - Initial Troop: Archer(type=archer, level=2, pos=(30.0,5.0), hp=23/23, state=idle)
2025-05-30 11:45:09,191 - DEBUG - BATTLE:battle_20250530_114509_183300 - TICK:0 - T:0.00s - Initial Troop: Archer(type=archer, level=2, pos=(31.0,5.0), hp=23/23, state=idle)
2025-05-30 11:45:09,191 - DEBUG - BATTLE:battle_20250530_114509_183300 - TICK:0 - T:0.00s - Initial Troop: Archer(type=archer, level=2, pos=(32.0,5.0), hp=23/23, state=idle)
2025-05-30 11:45:09,191 - DEBUG - BATTLE:battle_20250530_114509_183300 - TICK:0 - T:0.00s - Initial Troop: Archer(type=archer, level=2, pos=(33.0,5.0), hp=23/23, state=idle)
2025-05-30 11:45:09,191 - DEBUG - BATTLE:battle_20250530_114509_183300 - TICK:0 - T:0.00s - Initial Troop: Archer(type=archer, level=2, pos=(34.0,5.0), hp=23/23, state=idle)
2025-05-30 11:45:09,191 - DEBUG - BATTLE:battle_20250530_114509_183300 - TICK:0 - T:0.00s - Initial Troop: WallBreaker(type=wall_breaker, level=1, pos=(20.0,10.0), hp=20/20, state=idle)
2025-05-30 11:45:09,191 - DEBUG - BATTLE:battle_20250530_114509_183300 - TICK:0 - T:0.00s - Initial Troop: WallBreaker(type=wall_breaker, level=1, pos=(21.0,10.0), hp=20/20, state=idle)
2025-05-30 11:45:09,192 - DEBUG - BATTLE:battle_20250530_114509_183300 - TICK:0 - T:0.00s - Initial Troop: Goblin(type=goblin, level=2, pos=(10.0,38.0), hp=30/30, state=idle)
2025-05-30 11:45:09,192 - DEBUG - BATTLE:battle_20250530_114509_183300 - TICK:0 - T:0.00s - Initial Troop: Goblin(type=goblin, level=2, pos=(11.0,38.0), hp=30/30, state=idle)
2025-05-30 11:45:09,192 - DEBUG - BATTLE:battle_20250530_114509_183300 - TICK:0 - T:0.00s - Initial Troop: Goblin(type=goblin, level=2, pos=(12.0,38.0), hp=30/30, state=idle)
2025-05-30 11:45:09,192 - DEBUG - BATTLE:battle_20250530_114509_183300 - TICK:0 - T:0.00s - Initial Troop: Goblin(type=goblin, level=2, pos=(30.0,38.0), hp=30/30, state=idle)
2025-05-30 11:45:09,192 - DEBUG - BATTLE:battle_20250530_114509_183300 - TICK:0 - T:0.00s - Initial Troop: Goblin(type=goblin, level=2, pos=(31.0,38.0), hp=30/30, state=idle)
2025-05-30 11:45:09,192 - DEBUG - BATTLE:battle_20250530_114509_183300 - TICK:0 - T:0.00s - Initial Building: TownHall(type=town_hall, level=3, pos=(20,20), hp=1400/1400)
2025-05-30 11:45:09,192 - DEBUG - BATTLE:battle_20250530_114509_183300 - TICK:0 - T:0.00s - Initial Building: Cannon(type=cannon, level=3, pos=(15,20), hp=520/520)
2025-05-30 11:45:09,192 - DEBUG - BATTLE:battle_20250530_114509_183300 - TICK:0 - T:0.00s - Initial Building: Cannon(type=cannon, level=3, pos=(25,20), hp=520/520)
2025-05-30 11:45:09,192 - DEBUG - BATTLE:battle_20250530_114509_183300 - TICK:0 - T:0.00s - Initial Building: ArcherTower(type=archer_tower, level=2, pos=(20,15), hp=420/420)
2025-05-30 11:45:09,193 - DEBUG - BATTLE:battle_20250530_114509_183300 - TICK:0 - T:0.00s - Initial Building: Mortar(type=mortar, level=1, pos=(20,25), hp=400/400)
2025-05-30 11:45:09,193 - DEBUG - BATTLE:battle_20250530_114509_183300 - TICK:0 - T:0.00s - Initial Building: GoldStorage(type=gold_storage, level=2, pos=(10,10), hp=500/500)
2025-05-30 11:45:09,193 - DEBUG - BATTLE:battle_20250530_114509_183300 - TICK:0 - T:0.00s - Initial Building: ElixirStorage(type=elixir_storage, level=2, pos=(30,30), hp=500/500)
2025-05-30 11:45:09,193 - DEBUG - BATTLE:battle_20250530_114509_183300 - TICK:0 - T:0.00s - Initial Building: GoldMine(type=gold_mine, level=3, pos=(10,15), hp=500/500)
2025-05-30 11:45:09,193 - DEBUG - BATTLE:battle_20250530_114509_183300 - TICK:0 - T:0.00s - Initial Building: ElixirCollector(type=elixir_collector, level=3, pos=(30,15), hp=500/500)
2025-05-30 11:45:09,193 - DEBUG - BATTLE:battle_20250530_114509_183300 - TICK:0 - T:0.00s - Initial Building: GoldMine(type=gold_mine, level=3, pos=(15,10), hp=500/500)
2025-05-30 11:45:09,193 - DEBUG - BATTLE:battle_20250530_114509_183300 - TICK:0 - T:0.00s - Initial Building: ElixirCollector(type=elixir_collector, level=3, pos=(15,30), hp=500/500)
2025-05-30 11:45:09,193 - DEBUG - BATTLE:battle_20250530_114509_183300 - TICK:0 - T:0.00s - Initial Building: Barracks(type=barracks, level=2, pos=(25,10), hp=275/275)
2025-05-30 11:45:09,193 - DEBUG - BATTLE:battle_20250530_114509_183300 - TICK:0 - T:0.00s - Initial Building: Laboratory(type=laboratory, level=1, pos=(25,30), hp=250/250)
2025-05-30 11:45:09,194 - DEBUG - BATTLE:battle_20250530_114509_183300 - TICK:0 - T:0.00s - Initial Building: BuilderHut(type=builder_hut, level=1, pos=(5,5), hp=250/250)
2025-05-30 11:45:09,194 - DEBUG - BATTLE:battle_20250530_114509_183300 - TICK:0 - T:0.00s - Initial Building: BuilderHut(type=builder_hut, level=1, pos=(35,5), hp=250/250)
2025-05-30 11:45:09,194 - DEBUG - BATTLE:battle_20250530_114509_183300 - TICK:0 - T:0.00s - Initial Building: Wall(type=wall, level=3, pos=(19,19), hp=700/700)
2025-05-30 11:45:09,194 - DEBUG - BATTLE:battle_20250530_114509_183300 - TICK:0 - T:0.00s - Initial Building: Wall(type=wall, level=3, pos=(20,19), hp=700/700)
2025-05-30 11:45:09,194 - DEBUG - BATTLE:battle_20250530_114509_183300 - TICK:0 - T:0.00s - Initial Building: Wall(type=wall, level=3, pos=(21,19), hp=700/700)
2025-05-30 11:45:09,194 - DEBUG - BATTLE:battle_20250530_114509_183300 - TICK:0 - T:0.00s - Initial Building: Wall(type=wall, level=3, pos=(22,19), hp=700/700)
2025-05-30 11:45:09,194 - DEBUG - BATTLE:battle_20250530_114509_183300 - TICK:0 - T:0.00s - Initial Building: Wall(type=wall, level=3, pos=(23,19), hp=700/700)
2025-05-30 11:45:09,194 - DEBUG - BATTLE:battle_20250530_114509_183300 - TICK:0 - T:0.00s - Initial Building: Wall(type=wall, level=3, pos=(19,23), hp=700/700)
2025-05-30 11:45:09,194 - DEBUG - BATTLE:battle_20250530_114509_183300 - TICK:0 - T:0.00s - Initial Building: Wall(type=wall, level=3, pos=(19,20), hp=700/700)
2025-05-30 11:45:09,195 - DEBUG - BATTLE:battle_20250530_114509_183300 - TICK:0 - T:0.00s - Initial Building: Wall(type=wall, level=3, pos=(19,21), hp=700/700)
2025-05-30 11:45:09,195 - DEBUG - BATTLE:battle_20250530_114509_183300 - TICK:0 - T:0.00s - Initial Building: Wall(type=wall, level=3, pos=(19,22), hp=700/700)
2025-05-30 11:45:09,195 - DEBUG - BATTLE:battle_20250530_114509_183300 - TICK:0 - T:0.00s - --- Tick Start --- DT: 0.1
2025-05-30 11:45:09,204 - DEBUG - BATTLE:battle_20250530_114509_183300 - TICK:0 - T:0.00s - Troop giant_1 moved from (5, 20) to (5.50, 20.50) -> Target: cannon
2025-05-30 11:45:09,204 - INFO - BATTLE:battle_20250530_114509_183300 - TICK:0 - T:0.00s - Troop giant_1 state changed from idle to moving
2025-05-30 11:45:09,204 - INFO - BATTLE:battle_20250530_114509_183300 - TICK:0 - T:0.00s - Troop giant_1 new target: cannon
